#-----------------------------------------------------------
# Vivado v2017.2.1 (64-bit)
# SW Build 1957588 on Wed Aug  9 16:32:24 MDT 2017
# IP Build 1948039 on Wed Aug  9 18:19:28 MDT 2017
# Start of session at: Fri Dec  8 13:22:21 2017
# Process ID: 8632
# Current directory: H:/ES3B2/LabyrinthFPGA
# Command line: vivado.exe -gui_launcher_event rodinguilauncherevent5376 H:\ES3B2\LabyrinthFPGA\Lab4 - VGA Output.xpr
# Log file: H:/ES3B2/LabyrinthFPGA/vivado.log
# Journal file: H:/ES3B2/LabyrinthFPGA\vivado.jou
#-----------------------------------------------------------
start_gui
open_project {H:/ES3B2/LabyrinthFPGA/Lab4 - VGA Output.xpr}
Scanning sources...
Finished scanning sources
INFO: [IP_Flow 19-234] Refreshing IP repositories
INFO: [IP_Flow 19-1704] No user IP repositories specified
INFO: [IP_Flow 19-2313] Loaded Vivado IP repository 'C:/Xilinx/Vivado/2017.2/data/ip'.
WARNING: [IP_Flow 19-3664] IP 'dist_mem_gen_galaxy' generated file not found 'h:/ES3B2/LabyrinthFPGA/Lab4 - VGA Output.srcs/sources_1/ip/dist_mem_gen_galaxy/stats.txt'. Please regenerate to continue.
open_project: Time (s): cpu = 00:00:11 ; elapsed = 00:00:06 . Memory (MB): peak = 859.523 ; gain = 49.855
update_compile_order -fileset sources_1
import_files -norecurse {{H:/ES3B2/Lab3 10-11-2017/Lab3/Lab2.2.srcs/sources_1/new/SRsevenseg.v}}
update_compile_order -fileset sources_1
remove_files  {{H:/ES3B2/LabyrinthFPGA/Lab4 - VGA Output.srcs/sources_1/imports/new/SRsevenseg.v}}
file delete -force {H:/ES3B2/LabyrinthFPGA/Lab4 - VGA Output.srcs/sources_1/imports/new/SRsevenseg.v}
close [ open {H:/ES3B2/LabyrinthFPGA/Lab4 - VGA Output.srcs/sources_1/new/sevenseg.v} w ]
add_files {{H:/ES3B2/LabyrinthFPGA/Lab4 - VGA Output.srcs/sources_1/new/sevenseg.v}}
update_compile_order -fileset sources_1
close [ open {H:/ES3B2/LabyrinthFPGA/Lab4 - VGA Output.srcs/sources_1/new/SRsevenseg.v} w ]
add_files {{H:/ES3B2/LabyrinthFPGA/Lab4 - VGA Output.srcs/sources_1/new/SRsevenseg.v}}
update_compile_order -fileset sources_1
close [ open {H:/ES3B2/LabyrinthFPGA/Lab4 - VGA Output.srcs/sources_1/new/seginterface.v} w ]
add_files {{H:/ES3B2/LabyrinthFPGA/Lab4 - VGA Output.srcs/sources_1/new/seginterface.v}}
update_compile_order -fileset sources_1
remove_files  {{H:/ES3B2/LabyrinthFPGA/Lab4 - VGA Output.srcs/sources_1/new/SRsevenseg.v}}
file delete -force {H:/ES3B2/LabyrinthFPGA/Lab4 - VGA Output.srcs/sources_1/new/SRsevenseg.v}
remove_files  {{H:/ES3B2/LabyrinthFPGA/Lab4 - VGA Output.srcs/sources_1/new/seginterface.v}}
file delete -force {H:/ES3B2/LabyrinthFPGA/Lab4 - VGA Output.srcs/sources_1/new/seginterface.v}
remove_files  {{H:/ES3B2/LabyrinthFPGA/Lab4 - VGA Output.srcs/sources_1/new/sevenseg.v}}
file delete -force {H:/ES3B2/LabyrinthFPGA/Lab4 - VGA Output.srcs/sources_1/new/sevenseg.v}
open_hw
connect_hw_server
INFO: [Labtools 27-2285] Connecting to hw_server url TCP:localhost:3121
INFO: [Labtools 27-2222] Launching hw_server...
INFO: [Labtools 27-2221] Launch Output:

****** Xilinx hw_server v2017.2.1
  **** Build date : Aug  9 2017-16:50:22
    ** Copyright 1986-2017 Xilinx, Inc. All Rights Reserved.


open_hw_target
INFO: [Labtoolstcl 44-466] Opening hw_target localhost:3121/xilinx_tcf/Digilent/210292742915A
set_property PROGRAM.FILE {H:/ES3B2/LabyrinthFPGA/Lab4 - VGA Output.runs/impl_1/game_top.bit} [get_hw_devices xc7a100t_0]
current_hw_device [get_hw_devices xc7a100t_0]
refresh_hw_device -update_hw_probes false [lindex [get_hw_devices xc7a100t_0] 0]
INFO: [Labtools 27-1434] Device xc7a100t (JTAG device index = 0) is programmed with a design that has no supported debug core(s) in it.
WARNING: [Labtools 27-3361] The debug hub core was not detected.
Resolution: 
1. Make sure the clock connected to the debug hub (dbg_hub) core is a free running clock and is active.
2. Make sure the BSCAN_SWITCH_USER_MASK device property in Vivado Hardware Manager reflects the user scan chain setting in the design and refresh the device.  To determine the user scan chain setting in the design, open the implemented design and use 'get_property C_USER_SCAN_CHAIN [get_debug_cores dbg_hub]'.
For more details on setting the scan chain property, consult the Vivado Debug and Programming User Guide (UG908).
set_property PROBES.FILE {} [get_hw_devices xc7a100t_0]
set_property FULL_PROBES.FILE {} [get_hw_devices xc7a100t_0]
set_property PROGRAM.FILE {H:/ES3B2/LabyrinthFPGA/Lab4 - VGA Output.runs/impl_1/game_top.bit} [get_hw_devices xc7a100t_0]
program_hw_devices [get_hw_devices xc7a100t_0]
INFO: [Labtools 27-3164] End of startup status: HIGH
refresh_hw_device [lindex [get_hw_devices xc7a100t_0] 0]
INFO: [Labtools 27-1434] Device xc7a100t (JTAG device index = 0) is programmed with a design that has no supported debug core(s) in it.
WARNING: [Labtools 27-3361] The debug hub core was not detected.
Resolution: 
1. Make sure the clock connected to the debug hub (dbg_hub) core is a free running clock and is active.
2. Make sure the BSCAN_SWITCH_USER_MASK device property in Vivado Hardware Manager reflects the user scan chain setting in the design and refresh the device.  To determine the user scan chain setting in the design, open the implemented design and use 'get_property C_USER_SCAN_CHAIN [get_debug_cores dbg_hub]'.
For more details on setting the scan chain property, consult the Vivado Debug and Programming User Guide (UG908).
exit
INFO: [Common 17-206] Exiting Vivado at Fri Dec  8 13:36:22 2017...
